{
  "stats": {
    "suites": 4,
    "tests": 12,
    "passes": 11,
    "pending": 0,
    "failures": 1,
    "start": "2025-04-14T15:36:41.445Z",
    "end": "2025-04-14T15:36:41.460Z",
    "duration": 15,
    "testsRegistered": 12,
    "passPercent": 91.66666666666666,
    "pendingPercent": 0,
    "other": 0,
    "hasOther": false,
    "skipped": 0,
    "hasSkipped": false
  },
  "results": [
    {
      "uuid": "5c509cf1-c994-4ccb-bedc-137c788680a7",
      "title": "",
      "fullFile": "",
      "file": "",
      "beforeHooks": [],
      "afterHooks": [],
      "tests": [],
      "suites": [
        {
          "uuid": "e8bf9871-1560-4688-8760-ebca4031c5a6",
          "title": "Animals",
          "fullFile": "C:\\Users\\Dell\\Desktop\\robot_dreams\\DZ21\\Mochawesome\\tests\\animal-unit-tests.spec.ts",
          "file": "\\tests\\animal-unit-tests.spec.ts",
          "beforeHooks": [],
          "afterHooks": [],
          "tests": [
            {
              "title": "Dog should make sound",
              "fullTitle": "Animals Dog should make sound",
              "timedOut": false,
              "duration": 0,
              "state": "passed",
              "speed": "fast",
              "pass": true,
              "fail": false,
              "pending": false,
              "context": null,
              "code": "const dog=new import_animal.Dog(\"Buddy\");const dogSound=dog.makeSound();(0,import_chai.expect)(dogSound).to.equal(\"Buddy \\u0433\\u0430\\u0432\\u043A\\u0430\\u0454: \\u0413\\u0430\\u0432-\\u0433\\u0430\\u0432!\")",
              "err": {},
              "uuid": "c5ff37ef-6e64-48b9-81f6-e87b88d4fdf0",
              "parentUUID": "e8bf9871-1560-4688-8760-ebca4031c5a6",
              "isHook": false,
              "skipped": false
            },
            {
              "title": "Cat should make sound",
              "fullTitle": "Animals Cat should make sound",
              "timedOut": false,
              "duration": 0,
              "state": "passed",
              "speed": "fast",
              "pass": true,
              "fail": false,
              "pending": false,
              "context": null,
              "code": "const cat=new import_animal.Cat(\"Whiskers\");const catSound=cat.makeSound();(0,import_chai.expect)(catSound).to.equal(\"Whiskers \\u043C\\u044F\\u0432\\u043A\\u0430\\u0454: \\u041C\\u044F\\u0432-\\u043C\\u044F\\u0432!\")",
              "err": {},
              "uuid": "26360f7a-218c-41f2-b2fb-48f87ad2205f",
              "parentUUID": "e8bf9871-1560-4688-8760-ebca4031c5a6",
              "isHook": false,
              "skipped": false
            },
            {
              "title": "Wolf should make sound",
              "fullTitle": "Animals Wolf should make sound",
              "timedOut": false,
              "duration": 0,
              "state": "passed",
              "speed": "fast",
              "pass": true,
              "fail": false,
              "pending": false,
              "context": null,
              "code": "const wolf=new import_animal.Wolf(\"\\u0410\\u043B\\u044C\\u0444\\u0430\");const wolfSound=wolf.makeSound();(0,import_chai.expect)(wolfSound).to.equal(\"\\u0410\\u043B\\u044C\\u0444\\u0430 \\u0432\\u0438\\u0454: \\u0410\\u0443\\u0443\\u0443\\u0443\\u0443!\")",
              "err": {},
              "uuid": "40a27cbe-ffd9-49a1-a42b-20ce791eee0f",
              "parentUUID": "e8bf9871-1560-4688-8760-ebca4031c5a6",
              "isHook": false,
              "skipped": false
            },
            {
              "title": "Wolf should be able to hunt",
              "fullTitle": "Animals Wolf should be able to hunt",
              "timedOut": false,
              "duration": 0,
              "state": "passed",
              "speed": "fast",
              "pass": true,
              "fail": false,
              "pending": false,
              "context": null,
              "code": "const wolf=new import_animal.Wolf(\"\\u0410\\u043B\\u044C\\u0444\\u0430\");const wolfHunt=wolf.hunt();(0,import_chai.expect)(wolfHunt).to.equal(\"\\u0410\\u043B\\u044C\\u0444\\u0430 \\u043F\\u043E\\u043B\\u044E\\u0454 \\u0432 \\u043B\\u0456\\u0441\\u0456.\")",
              "err": {},
              "uuid": "634a24c2-9986-4134-b3df-06fe0e65cc22",
              "parentUUID": "e8bf9871-1560-4688-8760-ebca4031c5a6",
              "isHook": false,
              "skipped": false
            }
          ],
          "suites": [],
          "passes": [
            "c5ff37ef-6e64-48b9-81f6-e87b88d4fdf0",
            "26360f7a-218c-41f2-b2fb-48f87ad2205f",
            "40a27cbe-ffd9-49a1-a42b-20ce791eee0f",
            "634a24c2-9986-4134-b3df-06fe0e65cc22"
          ],
          "failures": [],
          "pending": [],
          "skipped": [],
          "duration": 0,
          "root": false,
          "rootEmpty": false,
          "_timeout": 120000
        },
        {
          "uuid": "bf0c425e-86c7-4758-bb49-c61d1f9dc8d4",
          "title": "Boiler",
          "fullFile": "C:\\Users\\Dell\\Desktop\\robot_dreams\\DZ21\\Mochawesome\\tests\\boiler-unit-test.spec.ts",
          "file": "\\tests\\boiler-unit-test.spec.ts",
          "beforeHooks": [],
          "afterHooks": [],
          "tests": [
            {
              "title": "Boiler should heat water",
              "fullTitle": "Boiler Boiler should heat water",
              "timedOut": false,
              "duration": 1,
              "state": "passed",
              "speed": "fast",
              "pass": true,
              "fail": false,
              "pending": false,
              "context": null,
              "code": "const boiler=new import_boiler.Boiler;(0,import_chai.expect)(()=>boiler.heatWater()).to.not.throw()",
              "err": {},
              "uuid": "22032e0f-aa7c-4fb3-b786-ecfb36de5bea",
              "parentUUID": "bf0c425e-86c7-4758-bb49-c61d1f9dc8d4",
              "isHook": false,
              "skipped": false
            }
          ],
          "suites": [],
          "passes": [
            "22032e0f-aa7c-4fb3-b786-ecfb36de5bea"
          ],
          "failures": [],
          "pending": [],
          "skipped": [],
          "duration": 1,
          "root": false,
          "rootEmpty": false,
          "_timeout": 120000
        },
        {
          "uuid": "80eaa9a4-1aec-4a09-bc95-72b6b4f3f05f",
          "title": "Entity Processing Functions",
          "fullFile": "C:\\Users\\Dell\\Desktop\\robot_dreams\\DZ21\\Mochawesome\\tests\\entity-processor.spec.ts",
          "file": "\\tests\\entity-processor.spec.ts",
          "beforeHooks": [],
          "afterHooks": [],
          "tests": [
            {
              "title": "Should process Boiler correctly",
              "fullTitle": "Entity Processing Functions Should process Boiler correctly",
              "timedOut": false,
              "duration": 1,
              "state": "passed",
              "speed": "fast",
              "pass": true,
              "fail": false,
              "pending": false,
              "context": null,
              "code": "const boiler=new import_boiler.Boiler;(0,import_chai.expect)(()=>(0,import_entity_processor.processEntity)(boiler)).to.not.throw()",
              "err": {},
              "uuid": "ec34466c-ba31-412d-b8dc-1ae0d911989f",
              "parentUUID": "80eaa9a4-1aec-4a09-bc95-72b6b4f3f05f",
              "isHook": false,
              "skipped": false
            },
            {
              "title": "Should process Animal correctly",
              "fullTitle": "Entity Processing Functions Should process Animal correctly",
              "timedOut": false,
              "duration": 0,
              "state": "passed",
              "speed": "fast",
              "pass": true,
              "fail": false,
              "pending": false,
              "context": null,
              "code": "const dog=new import_animal.Dog(\"Rex\");(0,import_chai.expect)(()=>(0,import_entity_processor.processEntity)(dog)).to.not.throw()",
              "err": {},
              "uuid": "ef2ac40f-167c-4f9e-beb6-a5c94bd6e9f4",
              "parentUUID": "80eaa9a4-1aec-4a09-bc95-72b6b4f3f05f",
              "isHook": false,
              "skipped": false
            },
            {
              "title": "Should process Shape correctly",
              "fullTitle": "Entity Processing Functions Should process Shape correctly",
              "timedOut": false,
              "duration": 1,
              "state": "passed",
              "speed": "fast",
              "pass": true,
              "fail": false,
              "pending": false,
              "context": null,
              "code": "const rect=new import_shape.Rectangle(3,6);(0,import_chai.expect)(()=>(0,import_entity_processor.processEntity)(rect)).to.not.throw()",
              "err": {},
              "uuid": "82f3d3a5-bdff-4ede-8fd1-f71f541d1650",
              "parentUUID": "80eaa9a4-1aec-4a09-bc95-72b6b4f3f05f",
              "isHook": false,
              "skipped": false
            },
            {
              "title": "Should interact with home animal",
              "fullTitle": "Entity Processing Functions Should interact with home animal",
              "timedOut": false,
              "duration": 0,
              "state": "passed",
              "speed": "fast",
              "pass": true,
              "fail": false,
              "pending": false,
              "context": null,
              "code": "const cat=new import_animal.Cat(\"Mittens\");(0,import_chai.expect)(()=>(0,import_entity_processor.interactWithHomeAnimal)(cat)).to.not.throw()",
              "err": {},
              "uuid": "4417b462-d423-44e4-9bfe-fa1beafc2698",
              "parentUUID": "80eaa9a4-1aec-4a09-bc95-72b6b4f3f05f",
              "isHook": false,
              "skipped": false
            },
            {
              "title": "Should interact with wild animal",
              "fullTitle": "Entity Processing Functions Should interact with wild animal",
              "timedOut": false,
              "duration": 0,
              "state": "passed",
              "speed": "fast",
              "pass": true,
              "fail": false,
              "pending": false,
              "context": null,
              "code": "const wolf=new import_animal.Wolf(\"Fang\");(0,import_chai.expect)(()=>(0,import_entity_processor.interactWithWildAnimal)(wolf)).to.not.throw()",
              "err": {},
              "uuid": "8e0c570a-43d5-4f6d-8083-68c466e4e1c3",
              "parentUUID": "80eaa9a4-1aec-4a09-bc95-72b6b4f3f05f",
              "isHook": false,
              "skipped": false
            }
          ],
          "suites": [],
          "passes": [
            "ec34466c-ba31-412d-b8dc-1ae0d911989f",
            "ef2ac40f-167c-4f9e-beb6-a5c94bd6e9f4",
            "82f3d3a5-bdff-4ede-8fd1-f71f541d1650",
            "4417b462-d423-44e4-9bfe-fa1beafc2698",
            "8e0c570a-43d5-4f6d-8083-68c466e4e1c3"
          ],
          "failures": [],
          "pending": [],
          "skipped": [],
          "duration": 2,
          "root": false,
          "rootEmpty": false,
          "_timeout": 120000
        },
        {
          "uuid": "26c5d190-1d15-412e-9e08-bc60b631cef6",
          "title": "Shapes",
          "fullFile": "C:\\Users\\Dell\\Desktop\\robot_dreams\\DZ21\\Mochawesome\\tests\\shape-unit-test.spec.ts",
          "file": "\\tests\\shape-unit-test.spec.ts",
          "beforeHooks": [],
          "afterHooks": [],
          "tests": [
            {
              "title": "Rectangle should calculate area correctly",
              "fullTitle": "Shapes Rectangle should calculate area correctly",
              "timedOut": false,
              "duration": 0,
              "state": "failed",
              "speed": null,
              "pass": false,
              "fail": true,
              "pending": false,
              "context": null,
              "code": "const rect=new import_shape.Rectangle(5,5);(0,import_chai.expect)(rect.getArea()).to.equal(20)",
              "err": {
                "message": "AssertionError: expected 25 to equal 20",
                "estack": "AssertionError: expected 25 to equal 20\n    at Context.<anonymous> (tests\\shape-unit-test.spec.ts:2:315)\n    at processImmediate (node:internal/timers:491:21)",
                "diff": "- 25\n+ 20\n"
              },
              "uuid": "e678dda1-0233-43e7-8683-4212d06fef66",
              "parentUUID": "26c5d190-1d15-412e-9e08-bc60b631cef6",
              "isHook": false,
              "skipped": false
            },
            {
              "title": "Square should calculate area correctly",
              "fullTitle": "Shapes Square should calculate area correctly",
              "timedOut": false,
              "duration": 0,
              "state": "passed",
              "speed": "fast",
              "pass": true,
              "fail": false,
              "pending": false,
              "context": null,
              "code": "const square=new import_shape.Square(4);(0,import_chai.expect)(square.getArea()).to.equal(16)",
              "err": {},
              "uuid": "68a18e8a-4a11-4f2f-8890-64a4142a0481",
              "parentUUID": "26c5d190-1d15-412e-9e08-bc60b631cef6",
              "isHook": false,
              "skipped": false
            }
          ],
          "suites": [],
          "passes": [
            "68a18e8a-4a11-4f2f-8890-64a4142a0481"
          ],
          "failures": [
            "e678dda1-0233-43e7-8683-4212d06fef66"
          ],
          "pending": [],
          "skipped": [],
          "duration": 0,
          "root": false,
          "rootEmpty": false,
          "_timeout": 120000
        }
      ],
      "passes": [],
      "failures": [],
      "pending": [],
      "skipped": [],
      "duration": 0,
      "root": true,
      "rootEmpty": true,
      "_timeout": 120000
    }
  ],
  "meta": {
    "mocha": {
      "version": "11.1.0"
    },
    "mochawesome": {
      "options": {
        "quiet": false,
        "reportFilename": "mochawesome",
        "saveHtml": true,
        "saveJson": true,
        "consoleReporter": "spec",
        "useInlineDiffs": false,
        "code": true
      },
      "version": "7.1.3"
    },
    "marge": {
      "options": {
        "[object Object]": true
      },
      "version": "6.2.0"
    }
  }
}